SF:lib/application/locus/locus_state.dart
DA:6,1
DA:7,1
DA:11,1
DA:12,1
DA:18,1
DA:20,1
DA:21,2
DA:27,1
DA:29,1
DA:30,2
LF:10
LH:10
end_of_record
SF:lib/application/locus/locus_bloc.dart
DA:13,3
DA:14,1
DA:15,1
DA:16,1
DA:17,2
DA:18,2
DA:19,1
DA:20,1
LF:8
LH:8
end_of_record
SF:lib/domain/core/failures.dart
DA:6,2
DA:7,2
DA:14,1
DA:16,1
DA:17,2
DA:21,2
DA:22,2
DA:26,3
DA:27,3
LF:9
LH:9
end_of_record
SF:lib/domain/locus/feature.dart
DA:19,5
DA:35,4
DA:36,4
DA:37,4
DA:38,4
DA:39,4
DA:40,4
DA:41,4
DA:42,4
DA:43,4
DA:44,4
DA:45,4
DA:46,4
DA:47,4
DA:48,4
DA:49,4
LF:16
LH:16
end_of_record
SF:lib/domain/locus/features_report.dart
DA:11,6
DA:12,3
DA:13,3
DA:14,3
DA:17,3
DA:23,2
DA:24,2
DA:25,2
DA:26,2
DA:27,2
LF:10
LH:10
end_of_record
SF:lib/domain/locus/locus.dart
DA:17,2
DA:29,2
DA:30,2
DA:31,2
DA:32,2
DA:33,2
DA:34,2
DA:35,2
DA:36,2
DA:37,2
DA:38,2
DA:39,2
LF:12
LH:12
end_of_record
SF:lib/domain/locus/features_report_extension_functions.dart
DA:6,8
DA:8,12
DA:9,12
DA:10,4
DA:11,4
DA:12,0
DA:14,4
DA:15,0
DA:16,0
DA:17,0
DA:18,0
DA:19,0
DA:20,0
DA:21,0
DA:22,0
DA:23,0
DA:25,0
DA:33,8
DA:35,12
DA:36,4
DA:37,8
DA:39,4
DA:42,4
DA:43,4
DA:44,16
DA:48,6
DA:50,9
DA:51,9
DA:52,3
DA:53,6
DA:54,9
DA:55,3
DA:58,3
DA:59,3
DA:60,0
LF:35
LH:23
end_of_record
SF:lib/utils/product_dictionary.dart
DA:5,3
DA:6,1
DA:9,1
DA:13,1
DA:19,9
LF:5
LH:5
end_of_record
SF:lib/infrastructure/locus/feature_dto.dart
DA:18,5
DA:31,2
DA:32,2
DA:33,2
DA:34,2
DA:35,2
DA:36,2
DA:39,2
DA:40,10
DA:41,1
DA:42,1
DA:43,1
DA:44,1
DA:45,1
DA:46,1
DA:47,1
DA:48,1
DA:49,1
DA:50,1
DA:51,2
DA:52,2
DA:55,1
DA:67,1
DA:68,1
DA:69,1
DA:70,1
DA:71,1
DA:72,0
DA:73,1
DA:74,1
DA:75,1
DA:76,1
DA:77,1
LF:33
LH:32
end_of_record
SF:lib/infrastructure/locus/locus_dto.dart
DA:17,2
DA:28,1
DA:29,1
DA:30,1
DA:31,1
DA:32,1
DA:33,1
DA:34,1
DA:37,2
DA:38,1
DA:39,1
DA:40,1
DA:41,1
DA:42,1
DA:43,1
DA:44,1
DA:45,5
DA:46,6
DA:49,1
DA:59,1
DA:60,1
DA:61,1
DA:62,1
DA:63,1
DA:64,0
DA:65,1
DA:66,1
DA:67,1
LF:28
LH:27
end_of_record
SF:lib/external/locus/locus_data_source_genbank_file.dart
DA:12,1
DA:16,1
DA:18,3
DA:20,1
DA:21,2
DA:22,3
DA:23,0
DA:24,3
DA:25,3
DA:27,2
DA:29,1
DA:30,1
DA:31,2
DA:32,2
DA:33,2
DA:34,2
DA:35,2
DA:36,2
DA:37,2
DA:38,2
DA:39,1
DA:40,1
DA:41,1
DA:42,2
DA:43,1
DA:44,1
DA:45,1
DA:46,1
DA:47,1
DA:48,1
DA:49,1
DA:50,1
DA:51,1
DA:54,1
DA:57,1
LF:35
LH:34
end_of_record
SF:lib/domain/core/value_transformer.dart
DA:6,1
DA:7,1
DA:10,3
DA:11,3
DA:12,1
DA:13,3
DA:15,1
DA:16,1
DA:22,2
DA:23,12
LF:10
LH:10
end_of_record
SF:lib/infrastructure/locus/locus_overlap.dart
DA:9,1
DA:10,1
DA:12,1
DA:14,1
DA:15,1
DA:16,2
DA:17,2
DA:18,2
DA:20,1
DA:21,1
DA:23,2
DA:24,3
DA:25,1
DA:27,1
DA:30,1
DA:32,1
DA:34,1
DA:35,1
DA:40,1
DA:43,1
DA:44,1
DA:45,1
DA:46,4
DA:49,1
DA:55,1
DA:56,1
DA:57,4
DA:59,1
DA:61,1
DA:62,2
DA:64,1
DA:65,1
DA:66,1
DA:69,1
DA:70,3
DA:71,4
DA:72,2
DA:75,1
DA:76,1
DA:77,1
LF:40
LH:40
end_of_record
SF:lib/infrastructure/locus/locus_repository.dart
DA:13,1
DA:18,1
DA:20,2
DA:22,1
DA:24,2
DA:26,1
DA:27,1
DA:28,1
DA:30,3
DA:32,1
DA:34,1
LF:11
LH:11
end_of_record
