SF:lib/application/locusShow/locus_show_store.dart
DA:8,1
DA:9,1
DA:10,1
DA:13,2
LF:4
LH:4
end_of_record
SF:lib/domain/locus/locus.dart
DA:19,3
DA:32,2
DA:33,2
DA:34,2
DA:35,2
DA:36,2
DA:37,2
DA:38,2
DA:39,2
DA:40,2
DA:41,2
DA:42,2
LF:12
LH:12
end_of_record
SF:lib/domain/feature/feature.dart
DA:25,6
DA:44,5
DA:45,5
DA:46,5
DA:47,5
DA:48,5
DA:49,5
DA:50,5
DA:51,5
DA:52,5
DA:53,5
DA:54,5
DA:55,5
DA:56,5
DA:57,5
DA:58,5
DA:59,5
DA:60,5
DA:63,1
DA:65,3
DA:66,8
LF:21
LH:21
end_of_record
SF:lib/domain/feature/feature_product_type.dart
DA:45,2
DA:46,2
DA:50,2
DA:51,4
DA:52,2
DA:53,8
DA:55,2
DA:56,2
LF:8
LH:8
end_of_record
SF:lib/domain/feature/features_report.dart
DA:11,8
DA:12,4
DA:13,4
DA:14,4
DA:17,4
DA:23,2
DA:24,2
DA:25,2
DA:26,2
DA:27,2
LF:10
LH:10
end_of_record
SF:lib/domain/locus/location_position.dart
DA:8,11
DA:13,1
DA:19,6
DA:22,5
DA:23,25
LF:5
LH:5
end_of_record
SF:lib/domain/feature/features_report_extension_functions.dart
DA:6,10
DA:8,15
DA:9,15
DA:10,5
DA:11,5
DA:12,0
DA:14,5
DA:15,0
DA:16,0
DA:17,0
DA:18,0
DA:19,0
DA:20,0
DA:21,0
DA:22,0
DA:23,0
DA:25,0
DA:33,10
DA:35,15
DA:36,5
DA:37,10
DA:39,5
DA:42,5
DA:43,5
DA:44,20
DA:48,8
DA:50,12
DA:51,12
DA:52,4
DA:53,8
DA:54,8
DA:55,4
DA:58,4
DA:59,4
DA:60,0
LF:35
LH:23
end_of_record
SF:lib/application/locus/locus_state.dart
DA:11,4
DA:17,1
DA:23,1
DA:24,1
DA:25,1
DA:26,1
DA:27,1
DA:30,1
DA:36,1
DA:37,1
DA:38,1
DA:39,1
LF:12
LH:12
end_of_record
SF:lib/application/locus/locus_store.dart
DA:9,1
DA:11,2
DA:13,1
DA:14,3
DA:17,2
DA:18,1
DA:19,4
DA:20,4
DA:22,3
LF:9
LH:9
end_of_record
SF:lib/infrastructure/feature/feature_dto.dart
DA:25,5
DA:41,2
DA:42,2
DA:43,2
DA:44,2
DA:45,2
DA:46,2
DA:47,2
DA:50,2
DA:51,1
DA:52,1
DA:53,1
DA:54,2
DA:55,1
DA:56,1
DA:59,1
DA:60,1
DA:61,1
DA:62,1
DA:63,1
DA:64,2
DA:65,1
DA:66,1
DA:67,1
DA:68,1
DA:69,1
DA:70,1
DA:71,1
DA:72,2
DA:73,2
DA:76,1
DA:91,1
DA:92,1
DA:93,1
DA:94,1
DA:95,1
DA:96,1
DA:97,1
DA:98,1
DA:99,0
DA:100,1
DA:101,1
DA:102,1
DA:103,1
DA:104,1
LF:45
LH:44
end_of_record
SF:lib/infrastructure/locus/locus_overlap.dart
DA:10,1
DA:11,1
DA:13,1
DA:15,1
DA:16,1
DA:17,2
DA:18,2
DA:19,2
DA:21,1
DA:22,1
DA:24,2
DA:25,3
DA:26,1
DA:28,1
DA:31,1
DA:33,1
DA:35,1
DA:36,1
DA:41,1
DA:44,1
DA:45,1
DA:46,1
DA:47,4
DA:50,1
DA:56,1
DA:57,1
DA:58,2
DA:59,2
DA:61,1
DA:63,1
DA:64,2
DA:66,1
DA:67,1
DA:68,1
DA:71,1
DA:72,3
DA:73,4
DA:74,2
DA:77,1
DA:78,1
DA:79,1
LF:41
LH:41
end_of_record
SF:lib/external/locus/locus_data_source_genbank_file.dart
DA:14,1
DA:18,1
DA:20,4
DA:22,1
DA:23,3
DA:24,3
DA:25,4
DA:26,3
DA:27,3
DA:29,2
DA:30,1
DA:31,1
DA:32,1
DA:33,2
DA:34,2
DA:35,2
DA:36,2
DA:37,2
DA:38,2
DA:39,2
DA:40,2
DA:41,1
DA:42,1
DA:43,1
DA:44,2
DA:45,1
DA:46,1
DA:47,2
DA:48,1
DA:49,1
DA:52,1
DA:53,1
DA:54,1
DA:55,4
DA:57,1
DA:58,1
DA:59,1
DA:60,4
DA:62,1
DA:63,6
DA:64,3
DA:65,3
DA:66,6
DA:67,3
DA:68,3
DA:69,1
DA:70,1
DA:71,1
DA:72,1
DA:73,1
DA:74,1
DA:75,1
DA:78,1
DA:81,1
LF:54
LH:54
end_of_record
SF:lib/infrastructure/locus/locus_dto.dart
DA:18,2
DA:29,1
DA:30,1
DA:31,1
DA:32,1
DA:33,1
DA:34,1
DA:35,1
DA:38,2
DA:39,1
DA:40,1
DA:41,1
DA:42,1
DA:43,1
DA:44,1
DA:45,1
DA:46,1
DA:47,5
DA:48,6
DA:51,1
DA:61,1
DA:62,1
DA:63,1
DA:64,1
DA:65,1
DA:66,0
DA:67,1
DA:68,1
DA:69,1
LF:29
LH:28
end_of_record
SF:lib/infrastructure/locus/locus_repository.dart
DA:13,1
DA:18,1
DA:20,2
DA:22,1
DA:24,2
DA:26,1
DA:27,1
DA:28,1
DA:30,3
DA:32,1
DA:34,1
LF:11
LH:11
end_of_record
